[15:37:11][DEBUG] : Loading settings...
[15:37:11][DEBUG] : System.IO compression works: True, test time: 12 ms.
[15:37:11][DEBUG] : Loading plugins!
[15:37:11][DEBUG] : Done!
[15:37:11][INFO] : Starting DMPServer v0.2.4.2, protocol 45
[15:37:11][INFO] : Loading universe... 
[15:37:11][INFO] : Starting SUBSPACE server on port 6702... 
[15:37:11][INFO] : Removed 0 debris
[15:37:11][INFO] : Ready!
[15:37:14][DEBUG] : Online players is now: 0, connected: 1
[15:37:14][INFO] : New client connection from [::ffff:192.168.1.119]:50364
[15:37:14][DEBUG] : Client Dallas registered!
[15:37:14][DEBUG] : Loading admins
[15:37:14][INFO] : Client Dallas handshook successfully, version: v0.2.4.2
[15:37:14][DEBUG] : Online players is now: 1, connected: 1
[15:37:15][DEBUG] : Sending Dallas to subspace 0
[15:37:15][DEBUG] : Sending Dallas 0 craft library entries
[15:37:15][DEBUG] : Sending Dallas 20 kerbals...
[15:37:15][DEBUG] : Sending Dallas 30 vessels, cached: 0...
[15:37:19][DEBUG] : Dallas acquired lock asteroid-spawning
[15:37:21][DEBUG] : Saving 9 scenario modules from Dallas
[15:37:21][INFO] : Client Dallas disconnected in ReceiveCallback, endpoint [::ffff:192.168.1.119]:50364, error: Unable to read data from the transport connection: An existing connection was forcibly closed by the remote host. (An existing connection was forcibly closed by the remote host)
[15:37:21][DEBUG] : Online players is now: 0, connected: 0
[15:37:21][DEBUG] : Error closing client connection: The operation is not allowed on non-connected sockets.
[15:44:48][DEBUG] : Terminal may be not attached or broken, Exiting out of command handler
[15:44:48][INFO] : Shutting down - Caught Ctrl+C
[15:44:48][INFO] : Goodbye!
