[15:22:42][DEBUG] : Loading settings...
[15:22:43][DEBUG] : System.IO compression works: True, test time: 12 ms.
[15:22:43][DEBUG] : Loading plugins!
[15:22:43][DEBUG] : Done!
[15:22:43][INFO] : Starting DMPServer v0.2.4.2, protocol 45
[15:22:43][INFO] : Loading universe... 
[15:22:43][INFO] : Starting SUBSPACE server on port 6703... 
[15:22:43][INFO] : Removed 0 debris
[15:22:43][INFO] : Ready!
[15:25:42][DEBUG] : Online players is now: 0, connected: 1
[15:25:42][INFO] : New client connection from [::ffff:192.168.1.155]:54441
[15:25:42][DEBUG] : Client Alex registered!
[15:25:42][DEBUG] : Loading admins
[15:25:42][DEBUG] : Saving admins
[15:25:42][INFO] : Client Alex handshook successfully, version: v0.2.4.2
[15:25:42][DEBUG] : Online players is now: 1, connected: 1
[15:25:42][DEBUG] : Sending Alex to subspace 0
[15:25:42][DEBUG] : Sending Alex 0 craft library entries
[15:25:42][DEBUG] : Sending Alex 0 kerbals...
[15:25:42][DEBUG] : Sending Alex 0 vessels, cached: 0...
[15:25:42][DEBUG] : Saving kerbal Jebediah Kerman from Alex
[15:25:42][DEBUG] : Saving kerbal Bill Kerman from Alex
[15:25:42][DEBUG] : Saving kerbal Bob Kerman from Alex
[15:25:42][DEBUG] : Saving kerbal Valentina Kerman from Alex
[15:25:42][DEBUG] : Saving kerbal Luelyn Kerman from Alex
[15:25:42][DEBUG] : Saving kerbal Dabeth Kerman from Alex
[15:25:42][DEBUG] : Saving kerbal Miella Kerman from Alex
[15:25:42][DEBUG] : Saving kerbal Ribgan Kerman from Alex
[15:25:42][DEBUG] : Saving kerbal Jachelle Kerman from Alex
[15:25:42][DEBUG] : Saving kerbal Samigh Kerman from Alex
[15:25:42][DEBUG] : Saving kerbal Burrick Kerman from Alex
[15:25:42][DEBUG] : Saving kerbal Patbur Kerman from Alex
[15:25:42][DEBUG] : Saving kerbal Dugee Kerman from Alex
[15:25:42][DEBUG] : Saving kerbal Stelselle Kerman from Alex
[15:25:42][DEBUG] : Saving kerbal Hilthy Kerman from Alex
[15:25:42][DEBUG] : Saving kerbal Mellan Kerman from Alex
[15:25:42][DEBUG] : Saving kerbal Bilfrid Kerman from Alex
[15:25:42][DEBUG] : Saving kerbal Aldger Kerman from Alex
[15:25:42][DEBUG] : Saving kerbal Agadrien Kerman from Alex
[15:25:42][DEBUG] : Saving kerbal Graphie Kerman from Alex
[15:25:54][DEBUG] : Alex acquired lock asteroid-spawning
[15:26:00][DEBUG] : Saving vessel 4f6e0ba8-1f1c-4f42-8dfd-73f60b45a2c1 from Alex
[15:26:00][DEBUG] : Saving vessel 93e988db-3d9f-4d0e-b062-7ba4e6c17e6d from Alex
[15:26:00][DEBUG] : Saving vessel e63ebb55-5077-4bd5-8248-62ee7d06ff73 from Alex
[15:26:00][DEBUG] : Saving vessel 401b5b0f-0135-48dd-b5bf-d69342734dc9 from Alex
[15:26:00][DEBUG] : Saving vessel 5dcd709d-201f-40d3-8228-a75c7cd5c6cf from Alex
[15:26:00][DEBUG] : Saving vessel b7b49639-cf7a-4cc5-ac22-5e5d1afb2989 from Alex
[15:26:00][DEBUG] : Saving vessel c97cadfc-f3e1-4e4e-9e9c-598c6f6c8214 from Alex
[15:26:00][DEBUG] : Saving vessel 689c90ec-6efc-4655-90b7-c4b227486eab from Alex
[15:26:00][DEBUG] : Saving vessel 3fb674a5-ce92-44d4-9b67-42a34c5b13f6 from Alex
[15:26:00][DEBUG] : Saving vessel 75b67aaf-dc4a-4c59-86de-3fcd64d8fdc4 from Alex
[15:26:00][DEBUG] : Saving vessel 3553dc73-3545-4764-8012-d9002578a720 from Alex
[15:26:00][DEBUG] : Saving vessel 6d76b172-581c-477f-9fdb-9904a0657755 from Alex
[15:26:00][DEBUG] : Saving vessel db92fbee-e795-4db0-ac9c-0984dd404c9d from Alex
[15:26:00][DEBUG] : Saving vessel 13d7af9f-b972-40c5-8008-8279fbb5ebf7 from Alex
[15:26:00][DEBUG] : Saving vessel 2bfc09f6-a63d-4845-8e3d-db60f68c0d68 from Alex
[15:26:00][DEBUG] : Saving vessel a7c75f0e-8b6f-4d85-a9b4-9d99b2e82269 from Alex
[15:26:00][DEBUG] : Saving vessel 5d032010-7e42-41c7-8d8b-a6b889645e11 from Alex
[15:26:00][DEBUG] : Saving vessel eb65cadf-5344-44b1-9795-0e68368a123a from Alex
[15:26:00][DEBUG] : Saving vessel 19f41f9b-7303-47b0-be08-206456e373d6 from Alex
[15:26:00][DEBUG] : Saving vessel a3c2b4d4-72e6-4029-abb3-81dc514a0f14 from Alex
[15:26:00][DEBUG] : Saving vessel cdc4fa9e-573b-4364-afa4-cbb45d2dc79d from Alex
[15:26:00][DEBUG] : Saving vessel 826263e8-4489-4183-aae0-121ac7fd349c from Alex
[15:26:00][DEBUG] : Saving vessel 20ce09bf-6470-42ff-b2bf-ee4bd41c929c from Alex
[15:26:00][DEBUG] : Saving vessel 27b53db7-2696-467a-8c01-e2f319f12e7b from Alex
[15:26:00][DEBUG] : Saving vessel cdb9af25-f08d-42a4-b47a-44689f9c29d8 from Alex
[15:26:00][DEBUG] : Saving vessel b1f8bd0c-de1e-4ec8-8c96-40d6e5b8893d from Alex
[15:26:00][DEBUG] : Saving vessel 037a08be-ba80-4a3b-8e5c-44878dea2be6 from Alex
[15:26:00][DEBUG] : Saving vessel 32b89e7e-3004-4e4c-b220-5d1cd1e9953e from Alex
[15:26:00][DEBUG] : Saving vessel 64ee9d0c-c550-481b-af02-d573708cc7fa from Alex
[15:26:00][DEBUG] : Saving vessel dcda65f4-a5d0-4b7f-8090-3459240d8215 from Alex
[15:26:13][DEBUG] : Saving 9 scenario modules from Alex
[15:27:03][DEBUG] : Alex sent connection end message, reason: Quit
[15:27:03][DEBUG] : Online players is now: 0, connected: 0
[15:28:13][DEBUG] : Terminal may be not attached or broken, Exiting out of command handler
[15:28:13][INFO] : Shutting down - Caught Ctrl+C
[15:28:13][INFO] : Goodbye!
